<?xml version="1.0" encoding="UTF-8"?>
<!-- Generated by org.testng.reporters.JUnitXMLReporter -->
<testsuite ignored="0" hostname="DESKTOP-KQP1K4Q" failures="0" tests="7" name="Default test" time="17.826" errors="0" timestamp="2021-06-29T17:12:12 IST">
  <testcase classname="Selenium.NewTest" name="f" time="1.77"/>
  <testcase classname="Selenium.NewTest" name="login" time="0.825"/>
  <testcase classname="Selenium.NewTest" name="openExpensesTab" time="2.517"/>
  <testcase classname="Selenium.NewTest" name="NewButton" time="0.835"/>
  <testcase classname="Selenium.NewTest" name="SearchButton" time="0.969"/>
  <testcase classname="Selenium.NewTest" name="DeleteButton" time="0.246"/>
  <testcase classname="Selenium.NewTest" name="signOut" time="0.875"/>
</testsuite> <!-- Default test -->
