<?xml version="1.0" encoding="UTF-8"?>
<!-- Generated by org.testng.reporters.JUnitXMLReporter -->
<testsuite ignored="0" hostname="DESKTOP-KQP1K4Q" failures="0" tests="7" name="Test" time="24.568" errors="0" timestamp="30 Jun 2021 07:55:36 GMT">
  <testcase classname="Selenium.NewTest" name="f" time="1.684"/>
  <testcase classname="Selenium.NewTest" name="login" time="0.977"/>
  <testcase classname="Selenium.NewTest" name="openExpensesTab" time="4.164"/>
  <testcase classname="Selenium.NewTest" name="NewButton" time="0.756"/>
  <testcase classname="Selenium.NewTest" name="SearchButton" time="0.953"/>
  <testcase classname="Selenium.NewTest" name="DeleteButton" time="0.244"/>
  <testcase classname="Selenium.NewTest" name="signOut" time="0.776"/>
</testsuite> <!-- Test -->
