<?xml version="1.0" encoding="UTF-8"?>
<testsuite xmlns:xsi="http://www.w3.org/2001/XMLSchema-instance" xsi:noNamespaceSchemaLocation="https://maven.apache.org/surefire/maven-surefire-plugin/xsd/surefire-test-report-3.0.xsd" version="3.0" name="TestSuite" time="24.268" tests="7" errors="0" skipped="0" failures="0">
  <properties>
[...]
</properties>
  <testcase name="f" classname="Selenium.NewTest" time="1.649">
    <system-out><![CDATA[[TestNGContentHandler] [WARN] It is strongly recommended to add "<!DOCTYPE suite SYSTEM "http://testng.org/testng-1.0.dtd" >" at the top of your file, otherwise TestNG may fail or not work as expected.
]]></system-out>
    <system-err><![CDATA[1625056425589	geckodriver	INFO	Listening on 127.0.0.1:47053
1625056426584	mozrunner::runner	INFO	Running command: "C:\\Program Files (x86)\\Mozilla Firefox\\firefox.exe" "--marionette" "-foreground" "-no-remote" "-profile" "C:\\Users\\HP\\AppData\\Local\\Temp\\rust_mozprofileKNrxJ1"
1625056427559	Marionette	INFO	Marionette enabled
console.warn: SearchSettings: "get: No settings file exists, new profile?" (new NotFoundError("Could not open the file at C:\\Users\\HP\\AppData\\Local\\Temp\\rust_mozprofileKNrxJ1\\search.json.mozlz4", (void 0)))
1625056435774	Marionette	INFO	Listening on port 55510
1625056436028	Marionette	WARN	TLS certificate errors will be ignored for this session
Jun 30, 2021 6:03:56 PM org.openqa.selenium.remote.ProtocolHandshake createSession
INFO: Detected dialect: W3C
]]></system-err>
  </testcase>
  <testcase name="login" classname="Selenium.NewTest" time="0.879"/>
  <testcase name="openExpensesTab" classname="Selenium.NewTest" time="4.742"/>
  <testcase name="NewButton" classname="Selenium.NewTest" time="0.89"/>
  <testcase name="SearchButton" classname="Selenium.NewTest" time="0.979"/>
  <testcase name="DeleteButton" classname="Selenium.NewTest" time="0.24"/>
  <testcase name="signOut" classname="Selenium.NewTest" time="0.522"/>
</testsuite>