<?xml version="1.0" encoding="UTF-8"?>
<testng-results ignored="0" total="7" passed="7" failed="0" skipped="0">
  <reporter-output>
  </reporter-output>
  <suite started-at="2021-06-29T17:11:54 IST" name="Default suite" finished-at="2021-06-29T17:12:12 IST" duration-ms="17826">
    <groups>
    </groups>
    <test started-at="2021-06-29T17:11:54 IST" name="Default test" finished-at="2021-06-29T17:12:12 IST" duration-ms="17826">
      <class name="Selenium.NewTest">
        <test-method is-config="true" signature="beforeTest()[pri:0, instance:Selenium.NewTest@47d90b9e]" started-at="2021-06-29T17:11:54 IST" name="beforeTest" finished-at="2021-06-29T17:12:02 IST" duration-ms="8016" status="PASS">
          <reporter-output>
          </reporter-output>
        </test-method> <!-- beforeTest -->
        <test-method signature="f()[pri:1, instance:Selenium.NewTest@47d90b9e]" started-at="2021-06-29T17:12:02 IST" name="f" finished-at="2021-06-29T17:12:04 IST" duration-ms="1770" status="PASS">
          <reporter-output>
          </reporter-output>
        </test-method> <!-- f -->
        <test-method signature="login()[pri:2, instance:Selenium.NewTest@47d90b9e]" started-at="2021-06-29T17:12:04 IST" name="login" finished-at="2021-06-29T17:12:05 IST" duration-ms="825" status="PASS">
          <reporter-output>
          </reporter-output>
        </test-method> <!-- login -->
        <test-method signature="openExpensesTab()[pri:3, instance:Selenium.NewTest@47d90b9e]" started-at="2021-06-29T17:12:05 IST" name="openExpensesTab" finished-at="2021-06-29T17:12:07 IST" duration-ms="2517" status="PASS">
          <reporter-output>
          </reporter-output>
        </test-method> <!-- openExpensesTab -->
        <test-method signature="NewButton()[pri:4, instance:Selenium.NewTest@47d90b9e]" started-at="2021-06-29T17:12:07 IST" name="NewButton" finished-at="2021-06-29T17:12:08 IST" duration-ms="835" status="PASS">
          <reporter-output>
          </reporter-output>
        </test-method> <!-- NewButton -->
        <test-method signature="SearchButton()[pri:5, instance:Selenium.NewTest@47d90b9e]" started-at="2021-06-29T17:12:08 IST" name="SearchButton" finished-at="2021-06-29T17:12:09 IST" duration-ms="969" status="PASS">
          <reporter-output>
          </reporter-output>
        </test-method> <!-- SearchButton -->
        <test-method signature="DeleteButton()[pri:6, instance:Selenium.NewTest@47d90b9e]" started-at="2021-06-29T17:12:09 IST" name="DeleteButton" finished-at="2021-06-29T17:12:09 IST" duration-ms="246" status="PASS">
          <reporter-output>
          </reporter-output>
        </test-method> <!-- DeleteButton -->
        <test-method signature="signOut()[pri:7, instance:Selenium.NewTest@47d90b9e]" started-at="2021-06-29T17:12:09 IST" name="signOut" finished-at="2021-06-29T17:12:10 IST" duration-ms="875" status="PASS">
          <reporter-output>
          </reporter-output>
        </test-method> <!-- signOut -->
        <test-method is-config="true" signature="afterTest()[pri:0, instance:Selenium.NewTest@47d90b9e]" started-at="2021-06-29T17:12:10 IST" name="afterTest" finished-at="2021-06-29T17:12:12 IST" duration-ms="1684" status="PASS">
          <reporter-output>
          </reporter-output>
        </test-method> <!-- afterTest -->
      </class> <!-- Selenium.NewTest -->
    </test> <!-- Default test -->
  </suite> <!-- Default suite -->
</testng-results>
